<?xml version="1.0" encoding="UTF-8"?>
<testng-results skipped="0" failed="1" total="6" passed="5">
  <reporter-output>
  </reporter-output>
  <suite name="Default suite" duration-ms="66778" started-at="2018-12-02T09:38:48Z" finished-at="2018-12-02T09:39:55Z">
    <groups>
    </groups>
    <test name="Default test" duration-ms="66778" started-at="2018-12-02T09:38:48Z" finished-at="2018-12-02T09:39:55Z">
      <class name="Scenario_component.TC_003AccountType">
        <test-method status="PASS" signature="start_Accounttype()[pri:0, instance:Scenario_component.TC_003AccountType@14acaea5]" name="start_Accounttype" is-config="true" duration-ms="20993" started-at="2018-12-02T15:08:48Z" finished-at="2018-12-02T15:09:09Z">
          <reporter-output>
          </reporter-output>
        </test-method> <!-- start_Accounttype -->
        <test-method status="PASS" signature="open_AccountType()[pri:0, instance:Scenario_component.TC_003AccountType@14acaea5]" name="open_AccountType" duration-ms="6759" started-at="2018-12-02T15:09:09Z" finished-at="2018-12-02T15:09:16Z">
          <reporter-output>
          </reporter-output>
        </test-method> <!-- open_AccountType -->
        <test-method status="PASS" signature="clickOnCreatebutton()[pri:0, instance:Scenario_component.TC_003AccountType@14acaea5]" name="clickOnCreatebutton" duration-ms="603" started-at="2018-12-02T15:09:16Z" finished-at="2018-12-02T15:09:17Z">
          <reporter-output>
          </reporter-output>
        </test-method> <!-- clickOnCreatebutton -->
        <test-method status="PASS" signature="code_AccountType()[pri:0, instance:Scenario_component.TC_003AccountType@14acaea5]" name="code_AccountType" duration-ms="1348" started-at="2018-12-02T15:09:17Z" finished-at="2018-12-02T15:09:18Z">
          <reporter-output>
          </reporter-output>
        </test-method> <!-- code_AccountType -->
        <test-method status="PASS" signature="Name_AccountType()[pri:0, instance:Scenario_component.TC_003AccountType@14acaea5]" name="Name_AccountType" duration-ms="253" started-at="2018-12-02T15:09:18Z" finished-at="2018-12-02T15:09:18Z">
          <reporter-output>
          </reporter-output>
        </test-method> <!-- Name_AccountType -->
        <test-method status="PASS" signature="ClickSave()[pri:0, instance:Scenario_component.TC_003AccountType@14acaea5]" name="ClickSave" duration-ms="316" started-at="2018-12-02T15:09:18Z" finished-at="2018-12-02T15:09:18Z">
          <reporter-output>
          </reporter-output>
        </test-method> <!-- ClickSave -->
        <test-method status="FAIL" signature="Edit_Group()[pri:0, instance:Scenario_component.TC_003AccountType@14acaea5]" name="Edit_Group" duration-ms="36463" started-at="2018-12-02T15:09:18Z" finished-at="2018-12-02T15:09:55Z">
          <exception class="org.openqa.selenium.WebDriverException">
            <message>
              <![CDATA[Element must be user-editable in order to clear it.
Command duration or timeout: 30.11 seconds
Build info: version: '2.52.0', revision: '4c2593cfc3689a7fcd7be52549167e5ccc93ad28', time: '2016-02-11 11:22:43'
System info: host: 'nitish', ip: '192.168.1.4', os.name: 'Windows 10', os.arch: 'amd64', os.version: '10.0', java.version: '1.8.0_60'
Driver info: org.openqa.selenium.firefox.FirefoxDriver
Capabilities [{applicationCacheEnabled=true, rotatable=false, handlesAlerts=true, databaseEnabled=true, version=46.0, platform=WINDOWS, nativeEvents=false, acceptSslCerts=true, webStorageEnabled=true, locationContextEnabled=true, browserName=firefox, takesScreenshot=true, javascriptEnabled=true, cssSelectorsEnabled=true}]
Session ID: 8d1f9169-53cc-4de2-b97d-42925af0dec2]]>
            </message>
            <full-stacktrace>
              <![CDATA[org.openqa.selenium.WebDriverException: Element must be user-editable in order to clear it.
Command duration or timeout: 30.11 seconds
Build info: version: '2.52.0', revision: '4c2593cfc3689a7fcd7be52549167e5ccc93ad28', time: '2016-02-11 11:22:43'
System info: host: 'nitish', ip: '192.168.1.4', os.name: 'Windows 10', os.arch: 'amd64', os.version: '10.0', java.version: '1.8.0_60'
Driver info: org.openqa.selenium.firefox.FirefoxDriver
Capabilities [{applicationCacheEnabled=true, rotatable=false, handlesAlerts=true, databaseEnabled=true, version=46.0, platform=WINDOWS, nativeEvents=false, acceptSslCerts=true, webStorageEnabled=true, locationContextEnabled=true, browserName=firefox, takesScreenshot=true, javascriptEnabled=true, cssSelectorsEnabled=true}]
Session ID: 8d1f9169-53cc-4de2-b97d-42925af0dec2
	at sun.reflect.NativeConstructorAccessorImpl.newInstance0(Native Method)
	at sun.reflect.NativeConstructorAccessorImpl.newInstance(NativeConstructorAccessorImpl.java:62)
	at sun.reflect.DelegatingConstructorAccessorImpl.newInstance(DelegatingConstructorAccessorImpl.java:45)
	at java.lang.reflect.Constructor.newInstance(Constructor.java:422)
	at org.openqa.selenium.remote.ErrorHandler.createThrowable(ErrorHandler.java:206)
	at org.openqa.selenium.remote.ErrorHandler.throwIfResponseFailed(ErrorHandler.java:158)
	at org.openqa.selenium.remote.RemoteWebDriver.execute(RemoteWebDriver.java:678)
	at org.openqa.selenium.remote.RemoteWebElement.execute(RemoteWebElement.java:327)
	at org.openqa.selenium.remote.RemoteWebElement.clear(RemoteWebElement.java:140)
	at Scenario_component.TC_003AccountType.Edit_Group(TC_003AccountType.java:67)
	at sun.reflect.NativeMethodAccessorImpl.invoke0(Native Method)
	at sun.reflect.NativeMethodAccessorImpl.invoke(NativeMethodAccessorImpl.java:62)
	at sun.reflect.DelegatingMethodAccessorImpl.invoke(DelegatingMethodAccessorImpl.java:43)
	at java.lang.reflect.Method.invoke(Method.java:497)
	at org.testng.internal.MethodInvocationHelper.invokeMethod(MethodInvocationHelper.java:80)
	at org.testng.internal.Invoker.invokeMethod(Invoker.java:714)
	at org.testng.internal.Invoker.invokeTestMethod(Invoker.java:901)
	at org.testng.internal.Invoker.invokeTestMethods(Invoker.java:1231)
	at org.testng.internal.TestMethodWorker.invokeTestMethods(TestMethodWorker.java:127)
	at org.testng.internal.TestMethodWorker.run(TestMethodWorker.java:111)
	at org.testng.TestRunner.privateRun(TestRunner.java:767)
	at org.testng.TestRunner.run(TestRunner.java:617)
	at org.testng.SuiteRunner.runTest(SuiteRunner.java:334)
	at org.testng.SuiteRunner.runSequentially(SuiteRunner.java:329)
	at org.testng.SuiteRunner.privateRun(SuiteRunner.java:291)
	at org.testng.SuiteRunner.run(SuiteRunner.java:240)
	at org.testng.SuiteRunnerWorker.runSuite(SuiteRunnerWorker.java:52)
	at org.testng.SuiteRunnerWorker.run(SuiteRunnerWorker.java:86)
	at org.testng.TestNG.runSuitesSequentially(TestNG.java:1198)
	at org.testng.TestNG.runSuitesLocally(TestNG.java:1123)
	at org.testng.TestNG.run(TestNG.java:1031)
	at org.testng.remote.AbstractRemoteTestNG.run(AbstractRemoteTestNG.java:114)
	at org.testng.remote.RemoteTestNG.initAndRun(RemoteTestNG.java:251)
	at org.testng.remote.RemoteTestNG.main(RemoteTestNG.java:77)
Caused by: org.openqa.selenium.WebDriverException: Element must be user-editable in order to clear it.
Build info: version: '2.52.0', revision: '4c2593cfc3689a7fcd7be52549167e5ccc93ad28', time: '2016-02-11 11:22:43'
System info: host: 'nitish', ip: '192.168.1.4', os.name: 'Windows 10', os.arch: 'amd64', os.version: '10.0', java.version: '1.8.0_60'
Driver info: driver.version: unknown
	at <anonymous class>.bot.Error(file:///C:/Users/sanu/AppData/Local/Temp/anonymous47802280949664266webdriver-profile/extensions/fxdriver@googlecode.com/components/command-processor.js:679)
	at <anonymous class>.bot.action.clear(file:///C:/Users/sanu/AppData/Local/Temp/anonymous47802280949664266webdriver-profile/extensions/fxdriver@googlecode.com/components/command-processor.js:11638)
	at <anonymous class>.WebElement.clearElement(file:///C:/Users/sanu/AppData/Local/Temp/anonymous47802280949664266webdriver-profile/extensions/fxdriver@googlecode.com/components/command-processor.js:12089)
	at <anonymous class>.DelayedCommand.prototype.executeInternal_/h(file:///C:/Users/sanu/AppData/Local/Temp/anonymous47802280949664266webdriver-profile/extensions/fxdriver@googlecode.com/components/command-processor.js:12614)
	at <anonymous class>.fxdriver.Timer.prototype.setTimeout/<.notify(file:///C:/Users/sanu/AppData/Local/Temp/anonymous47802280949664266webdriver-profile/extensions/fxdriver@googlecode.com/components/command-processor.js:623)
]]>
            </full-stacktrace>
          </exception> <!-- org.openqa.selenium.WebDriverException -->
          <reporter-output>
          </reporter-output>
        </test-method> <!-- Edit_Group -->
      </class> <!-- Scenario_component.TC_003AccountType -->
    </test> <!-- Default test -->
  </suite> <!-- Default suite -->
</testng-results>
